<?xml version="1.0" encoding="utf-8"?>
<assemblies timestamp="12/13/2020 12:08:55">
  <assembly name="D:\Área deTrabalho\Volvo\Volvo.Trucks.API.Tests\bin\Debug\netcoreapp3.1\Volvo.Trucks.API.Tests.dll" run-date="2020-12-13" run-time="12:08:55" total="22" passed="22" failed="0" skipped="0" time="0.955" errors="0">
    <errors />
    <collection total="3" passed="3" failed="0" skipped="0" name="Test collection for Volvo.Trucks.API.Tests.Application.ServiceQueryTests" time="0.334">
      <test name="Get All Trucks Invalid Filter" type="Volvo.Trucks.API.Tests.Application.ServiceQueryTests" method="GetAllTruckInvalidFilter" time="0.2655455" result="Pass">
        <traits>
          <trait name="Category" value="Query Truck" />
        </traits>
      </test>
      <test name="Get All Model Trucks" type="Volvo.Trucks.API.Tests.Application.ServiceQueryTests" method="GetAllModel" time="0.0561803" result="Pass">
        <traits>
          <trait name="Category" value="Query Model" />
        </traits>
      </test>
      <test name="Get All Trucks" type="Volvo.Trucks.API.Tests.Application.ServiceQueryTests" method="GetAllTruck" time="0.0118735" result="Pass">
        <traits>
          <trait name="Category" value="Query Truck" />
        </traits>
      </test>
    </collection>
    <collection total="16" passed="16" failed="0" skipped="0" name="Test collection for Volvo.Trucks.API.Tests.Application.TruckCommandHandlerTests" time="0.486">
      <test name="Add Truck Exist" type="Volvo.Trucks.API.Tests.Application.TruckCommandHandlerTests" method="AddTruckExist" time="0.3157660" result="Pass">
        <traits>
          <trait name="Category" value="AddTruckCommand" />
        </traits>
      </test>
      <test name="Remove Truck Not Find Truck" type="Volvo.Trucks.API.Tests.Application.TruckCommandHandlerTests" method="RemoveTruckNotFindTruck" time="0.0151148" result="Pass">
        <traits>
          <trait name="Category" value="RemoveTruckCommand" />
        </traits>
      </test>
      <test name="Add Truck Error Pessist Data" type="Volvo.Trucks.API.Tests.Application.TruckCommandHandlerTests" method="AddTruckErrorPessistData" time="0.0422712" result="Pass">
        <traits>
          <trait name="Category" value="AddTruckCommand" />
        </traits>
      </test>
      <test name="Add Truck Paramenter Invalid" type="Volvo.Trucks.API.Tests.Application.TruckCommandHandlerTests" method="AddTruckParamenterInvalid" time="0.0065788" result="Pass">
        <traits>
          <trait name="Category" value="AddTruckCommand" />
        </traits>
      </test>
      <test name="Edit Truck Model Not Exist" type="Volvo.Trucks.API.Tests.Application.TruckCommandHandlerTests" method="EditTruckModelNotExist" time="0.0144150" result="Pass">
        <traits>
          <trait name="Category" value="EditTruckCommand" />
        </traits>
      </test>
      <test name="Edit Truck Paramenter Invalid" type="Volvo.Trucks.API.Tests.Application.TruckCommandHandlerTests" method="EditTruckParamenterInvalid" time="0.0081315" result="Pass">
        <traits>
          <trait name="Category" value="EditTruckCommand" />
        </traits>
      </test>
      <test name="Remove Truck Error Persist Data" type="Volvo.Trucks.API.Tests.Application.TruckCommandHandlerTests" method="RemoveErrorPersistData" time="0.0091683" result="Pass">
        <traits>
          <trait name="Category" value="RemoveTruckCommand" />
        </traits>
      </test>
      <test name="Add Truck Model Yer Manufacture Year Invalid" type="Volvo.Trucks.API.Tests.Application.TruckCommandHandlerTests" method="AddTruckModelYerManufactureYearInvalid" time="0.0067527" result="Pass">
        <traits>
          <trait name="Category" value="AddTruckCommand" />
        </traits>
      </test>
      <test name="Edit Truck Model Yer Manufacture Year Invalid" type="Volvo.Trucks.API.Tests.Application.TruckCommandHandlerTests" method="EditTruckModelYerManufactureYearInvalid" time="0.0109303" result="Pass">
        <traits>
          <trait name="Category" value="EditTruckCommand" />
        </traits>
      </test>
      <test name="Remove Truck Success" type="Volvo.Trucks.API.Tests.Application.TruckCommandHandlerTests" method="RemoveTruckSuccess" time="0.0076535" result="Pass">
        <traits>
          <trait name="Category" value="RemoveTruckCommand" />
        </traits>
      </test>
      <test name="Edit Truck Success" type="Volvo.Trucks.API.Tests.Application.TruckCommandHandlerTests" method="EditTruckSuccess" time="0.0104475" result="Pass">
        <traits>
          <trait name="Category" value="EditTruckCommand" />
        </traits>
      </test>
      <test name="Add Truck Model Not Exist" type="Volvo.Trucks.API.Tests.Application.TruckCommandHandlerTests" method="AddTruckModelNotExist" time="0.0060639" result="Pass">
        <traits>
          <trait name="Category" value="AddTruckCommand" />
        </traits>
      </test>
      <test name="Edit Truck Not Exist" type="Volvo.Trucks.API.Tests.Application.TruckCommandHandlerTests" method="EditTruckNotExist" time="0.0100817" result="Pass">
        <traits>
          <trait name="Category" value="EditTruckCommand" />
        </traits>
      </test>
      <test name="Edit Truck Error Pessist Data" type="Volvo.Trucks.API.Tests.Application.TruckCommandHandlerTests" method="EditTruckErrorPessistData" time="0.0079980" result="Pass">
        <traits>
          <trait name="Category" value="EditTruckCommand" />
        </traits>
      </test>
      <test name="Add Truck Success" type="Volvo.Trucks.API.Tests.Application.TruckCommandHandlerTests" method="AddTruckSuccess" time="0.0103260" result="Pass">
        <traits>
          <trait name="Category" value="AddTruckCommand" />
        </traits>
      </test>
      <test name="Remove Truck Paramenter Id IsNull" type="Volvo.Trucks.API.Tests.Application.TruckCommandHandlerTests" method="RemoveTruckParamenterIdIsNull" time="0.0044064" result="Pass">
        <traits>
          <trait name="Category" value="RemoveTruckCommand" />
        </traits>
      </test>
    </collection>
    <collection total="3" passed="3" failed="0" skipped="0" name="Test collection for Volvo.Trucks.API.Tests.Core.VinTests" time="0.135">
      <test name="Null Or Empaty Vin(number: &quot;&quot;)" type="Volvo.Trucks.API.Tests.Core.VinTests" method="NullOrEmpatyVin" time="0.1035374" result="Pass">
        <traits>
          <trait name="Category" value="Vin" />
        </traits>
      </test>
      <test name="Null Or Empaty Vin(number: null)" type="Volvo.Trucks.API.Tests.Core.VinTests" method="NullOrEmpatyVin" time="0.0083001" result="Pass">
        <traits>
          <trait name="Category" value="Vin" />
        </traits>
      </test>
      <test name="Invalid Vin" type="Volvo.Trucks.API.Tests.Core.VinTests" method="InvalidVin" time="0.0231511" result="Pass">
        <traits>
          <trait name="Category" value="Vin" />
        </traits>
      </test>
    </collection>
  </assembly>
</assemblies>